Failed to query server: Operation not permitted
── Attaching packages ─────────────────────────────────────── tidyverse 1.3.1 ──
✔ ggplot2 3.3.4     ✔ purrr   0.3.4
✔ tibble  3.1.2     ✔ dplyr   1.0.6
✔ tidyr   1.1.3     ✔ stringr 1.4.0
✔ readr   1.4.0     ✔ forcats 0.5.1
── Conflicts ────────────────────────────────────────── tidyverse_conflicts() ──
✖ dplyr::filter() masks stats::filter()
✖ dplyr::lag()    masks stats::lag()
Warning message:
In system("timedatectl", intern = TRUE) :
  running command 'timedatectl' had status 1

For example usage please run: vignette('qqman')

Citation appreciated but not required:
Turner, (2018). qqman: an R package for visualizing GWAS results using Q-Q and manhattan plots. Journal of Open Source Software, 3(25), 731, https://doi.org/10.21105/joss.00731.


Attaching package: ‘scales’

The following object is masked from ‘package:purrr’:

    discard

The following object is masked from ‘package:readr’:

    col_factor


── Column specification ────────────────────────────────────────────────────────
cols(
  X1 = col_character()
)


── Column specification ────────────────────────────────────────────────────────
cols(
  Trait = col_character(),
  Marker = col_character(),
  Chr = col_double(),
  Pos = col_double(),
  df = col_double(),
  F = col_double(),
  p = col_double(),
  add_effect = col_double(),
  add_F = col_double(),
  add_p = col_double(),
  dom_effect = col_double(),
  dom_F = col_double(),
  dom_p = col_double(),
  errordf = col_double(),
  MarkerR2 = col_double(),
  `Genetic Var` = col_double(),
  `Residual Var` = col_double(),
  `-2LnLikelihood` = col_double()
)


── Column specification ────────────────────────────────────────────────────────
cols(
  Trait = col_character(),
  Marker = col_character(),
  Chr = col_double(),
  Pos = col_double(),
  df = col_double(),
  F = col_double(),
  p = col_double(),
  add_effect = col_double(),
  add_F = col_double(),
  add_p = col_double(),
  dom_effect = col_double(),
  dom_F = col_double(),
  dom_p = col_double(),
  errordf = col_double(),
  MarkerR2 = col_double(),
  `Genetic Var` = col_double(),
  `Residual Var` = col_double(),
  `-2LnLikelihood` = col_double()
)


── Column specification ────────────────────────────────────────────────────────
cols(
  Trait = col_character(),
  Marker = col_character(),
  Chr = col_double(),
  Pos = col_double(),
  df = col_double(),
  F = col_double(),
  p = col_double(),
  add_effect = col_double(),
  add_F = col_double(),
  add_p = col_double(),
  dom_effect = col_double(),
  dom_F = col_double(),
  dom_p = col_double(),
  errordf = col_double(),
  MarkerR2 = col_double(),
  `Genetic Var` = col_double(),
  `Residual Var` = col_double(),
  `-2LnLikelihood` = col_double()
)


── Column specification ────────────────────────────────────────────────────────
cols(
  Trait = col_character(),
  Marker = col_character(),
  Chr = col_double(),
  Pos = col_double(),
  df = col_double(),
  F = col_double(),
  p = col_double(),
  add_effect = col_double(),
  add_F = col_double(),
  add_p = col_double(),
  dom_effect = col_double(),
  dom_F = col_double(),
  dom_p = col_double(),
  errordf = col_double(),
  MarkerR2 = col_double(),
  `Genetic Var` = col_double(),
  `Residual Var` = col_double(),
  `-2LnLikelihood` = col_double()
)


── Column specification ────────────────────────────────────────────────────────
cols(
  Trait = col_character(),
  Marker = col_character(),
  Chr = col_double(),
  Pos = col_double(),
  df = col_double(),
  F = col_double(),
  p = col_double(),
  add_effect = col_double(),
  add_F = col_double(),
  add_p = col_double(),
  dom_effect = col_double(),
  dom_F = col_double(),
  dom_p = col_double(),
  errordf = col_double(),
  MarkerR2 = col_double(),
  `Genetic Var` = col_double(),
  `Residual Var` = col_double(),
  `-2LnLikelihood` = col_double()
)


── Column specification ────────────────────────────────────────────────────────
cols(
  Trait = col_character(),
  Marker = col_character(),
  Chr = col_double(),
  Pos = col_double(),
  df = col_double(),
  F = col_double(),
  p = col_double(),
  add_effect = col_double(),
  add_F = col_double(),
  add_p = col_double(),
  dom_effect = col_double(),
  dom_F = col_double(),
  dom_p = col_double(),
  errordf = col_double(),
  MarkerR2 = col_double(),
  `Genetic Var` = col_double(),
  `Residual Var` = col_double(),
  `-2LnLikelihood` = col_double()
)


── Column specification ────────────────────────────────────────────────────────
cols(
  Trait = col_character(),
  Marker = col_character(),
  Chr = col_double(),
  Pos = col_double(),
  df = col_double(),
  F = col_double(),
  p = col_double(),
  add_effect = col_double(),
  add_F = col_double(),
  add_p = col_double(),
  dom_effect = col_double(),
  dom_F = col_double(),
  dom_p = col_double(),
  errordf = col_double(),
  MarkerR2 = col_double(),
  `Genetic Var` = col_double(),
  `Residual Var` = col_double(),
  `-2LnLikelihood` = col_double()
)


── Column specification ────────────────────────────────────────────────────────
cols(
  Trait = col_character(),
  Marker = col_character(),
  Chr = col_double(),
  Pos = col_double(),
  df = col_double(),
  F = col_double(),
  p = col_double(),
  add_effect = col_double(),
  add_F = col_double(),
  add_p = col_double(),
  dom_effect = col_double(),
  dom_F = col_double(),
  dom_p = col_double(),
  errordf = col_double(),
  MarkerR2 = col_double(),
  `Genetic Var` = col_double(),
  `Residual Var` = col_double(),
  `-2LnLikelihood` = col_double()
)


── Column specification ────────────────────────────────────────────────────────
cols(
  Trait = col_character(),
  Marker = col_character(),
  Chr = col_double(),
  Pos = col_double(),
  df = col_double(),
  F = col_double(),
  p = col_double(),
  add_effect = col_double(),
  add_F = col_double(),
  add_p = col_double(),
  dom_effect = col_double(),
  dom_F = col_double(),
  dom_p = col_double(),
  errordf = col_double(),
  MarkerR2 = col_double(),
  `Genetic Var` = col_double(),
  `Residual Var` = col_double(),
  `-2LnLikelihood` = col_double()
)


── Column specification ────────────────────────────────────────────────────────
cols(
  Trait = col_character(),
  Marker = col_character(),
  Chr = col_double(),
  Pos = col_double(),
  df = col_double(),
  F = col_double(),
  p = col_double(),
  add_effect = col_double(),
  add_F = col_double(),
  add_p = col_double(),
  dom_effect = col_double(),
  dom_F = col_double(),
  dom_p = col_double(),
  errordf = col_double(),
  MarkerR2 = col_double(),
  `Genetic Var` = col_double(),
  `Residual Var` = col_double(),
  `-2LnLikelihood` = col_double()
)


── Column specification ────────────────────────────────────────────────────────
cols(
  Trait = col_character(),
  Marker = col_character(),
  Chr = col_double(),
  Pos = col_double(),
  df = col_double(),
  F = col_double(),
  p = col_double(),
  add_effect = col_double(),
  add_F = col_double(),
  add_p = col_double(),
  dom_effect = col_double(),
  dom_F = col_double(),
  dom_p = col_double(),
  errordf = col_double(),
  MarkerR2 = col_double(),
  `Genetic Var` = col_double(),
  `Residual Var` = col_double(),
  `-2LnLikelihood` = col_double()
)


── Column specification ────────────────────────────────────────────────────────
cols(
  Trait = col_character(),
  Marker = col_character(),
  Chr = col_double(),
  Pos = col_double(),
  df = col_double(),
  F = col_double(),
  p = col_double(),
  add_effect = col_double(),
  add_F = col_double(),
  add_p = col_double(),
  dom_effect = col_double(),
  dom_F = col_double(),
  dom_p = col_double(),
  errordf = col_double(),
  MarkerR2 = col_double(),
  `Genetic Var` = col_double(),
  `Residual Var` = col_double(),
  `-2LnLikelihood` = col_double()
)


── Column specification ────────────────────────────────────────────────────────
cols(
  Trait = col_character(),
  Marker = col_character(),
  Chr = col_double(),
  Pos = col_double(),
  df = col_double(),
  F = col_double(),
  p = col_double(),
  add_effect = col_double(),
  add_F = col_double(),
  add_p = col_double(),
  dom_effect = col_double(),
  dom_F = col_double(),
  dom_p = col_double(),
  errordf = col_double(),
  MarkerR2 = col_double(),
  `Genetic Var` = col_double(),
  `Residual Var` = col_double(),
  `-2LnLikelihood` = col_double()
)


── Column specification ────────────────────────────────────────────────────────
cols(
  Trait = col_character(),
  Marker = col_character(),
  Chr = col_double(),
  Pos = col_double(),
  df = col_double(),
  F = col_double(),
  p = col_double(),
  add_effect = col_double(),
  add_F = col_double(),
  add_p = col_double(),
  dom_effect = col_double(),
  dom_F = col_double(),
  dom_p = col_double(),
  errordf = col_double(),
  MarkerR2 = col_double(),
  `Genetic Var` = col_double(),
  `Residual Var` = col_double(),
  `-2LnLikelihood` = col_double()
)


── Column specification ────────────────────────────────────────────────────────
cols(
  Trait = col_character(),
  Marker = col_character(),
  Chr = col_double(),
  Pos = col_double(),
  df = col_double(),
  F = col_double(),
  p = col_double(),
  add_effect = col_double(),
  add_F = col_double(),
  add_p = col_double(),
  dom_effect = col_double(),
  dom_F = col_double(),
  dom_p = col_double(),
  errordf = col_double(),
  MarkerR2 = col_double(),
  `Genetic Var` = col_double(),
  `Residual Var` = col_double(),
  `-2LnLikelihood` = col_double()
)


── Column specification ────────────────────────────────────────────────────────
cols(
  Trait = col_character(),
  Marker = col_character(),
  Chr = col_double(),
  Pos = col_double(),
  df = col_double(),
  F = col_double(),
  p = col_double(),
  add_effect = col_double(),
  add_F = col_double(),
  add_p = col_double(),
  dom_effect = col_double(),
  dom_F = col_double(),
  dom_p = col_double(),
  errordf = col_double(),
  MarkerR2 = col_double(),
  `Genetic Var` = col_double(),
  `Residual Var` = col_double(),
  `-2LnLikelihood` = col_double()
)


── Column specification ────────────────────────────────────────────────────────
cols(
  Trait = col_character(),
  Marker = col_character(),
  Chr = col_double(),
  Pos = col_double(),
  df = col_double(),
  F = col_double(),
  p = col_double(),
  add_effect = col_double(),
  add_F = col_double(),
  add_p = col_double(),
  dom_effect = col_double(),
  dom_F = col_double(),
  dom_p = col_double(),
  errordf = col_double(),
  MarkerR2 = col_double(),
  `Genetic Var` = col_double(),
  `Residual Var` = col_double(),
  `-2LnLikelihood` = col_double()
)


── Column specification ────────────────────────────────────────────────────────
cols(
  Trait = col_character(),
  Marker = col_character(),
  Chr = col_double(),
  Pos = col_double(),
  df = col_double(),
  F = col_double(),
  p = col_double(),
  add_effect = col_double(),
  add_F = col_double(),
  add_p = col_double(),
  dom_effect = col_double(),
  dom_F = col_double(),
  dom_p = col_double(),
  errordf = col_double(),
  MarkerR2 = col_double(),
  `Genetic Var` = col_double(),
  `Residual Var` = col_double(),
  `-2LnLikelihood` = col_double()
)


── Column specification ────────────────────────────────────────────────────────
cols(
  Trait = col_character(),
  Marker = col_character(),
  Chr = col_double(),
  Pos = col_double(),
  df = col_double(),
  F = col_double(),
  p = col_double(),
  add_effect = col_double(),
  add_F = col_double(),
  add_p = col_double(),
  dom_effect = col_double(),
  dom_F = col_double(),
  dom_p = col_double(),
  errordf = col_double(),
  MarkerR2 = col_double(),
  `Genetic Var` = col_double(),
  `Residual Var` = col_double(),
  `-2LnLikelihood` = col_double()
)


── Column specification ────────────────────────────────────────────────────────
cols(
  Trait = col_character(),
  Marker = col_character(),
  Chr = col_double(),
  Pos = col_double(),
  df = col_double(),
  F = col_double(),
  p = col_double(),
  add_effect = col_double(),
  add_F = col_double(),
  add_p = col_double(),
  dom_effect = col_double(),
  dom_F = col_double(),
  dom_p = col_double(),
  errordf = col_double(),
  MarkerR2 = col_double(),
  `Genetic Var` = col_double(),
  `Residual Var` = col_double(),
  `-2LnLikelihood` = col_double()
)


── Column specification ────────────────────────────────────────────────────────
cols(
  Trait = col_character(),
  Marker = col_character(),
  Chr = col_double(),
  Pos = col_double(),
  df = col_double(),
  F = col_double(),
  p = col_double(),
  add_effect = col_double(),
  add_F = col_double(),
  add_p = col_double(),
  dom_effect = col_double(),
  dom_F = col_double(),
  dom_p = col_double(),
  errordf = col_double(),
  MarkerR2 = col_double(),
  `Genetic Var` = col_double(),
  `Residual Var` = col_double(),
  `-2LnLikelihood` = col_double()
)


── Column specification ────────────────────────────────────────────────────────
cols(
  Trait = col_character(),
  Marker = col_character(),
  Chr = col_double(),
  Pos = col_double(),
  df = col_double(),
  F = col_double(),
  p = col_double(),
  add_effect = col_double(),
  add_F = col_double(),
  add_p = col_double(),
  dom_effect = col_double(),
  dom_F = col_double(),
  dom_p = col_double(),
  errordf = col_double(),
  MarkerR2 = col_double(),
  `Genetic Var` = col_double(),
  `Residual Var` = col_double(),
  `-2LnLikelihood` = col_double()
)


── Column specification ────────────────────────────────────────────────────────
cols(
  Trait = col_character(),
  Marker = col_character(),
  Chr = col_double(),
  Pos = col_double(),
  df = col_double(),
  F = col_double(),
  p = col_double(),
  add_effect = col_double(),
  add_F = col_double(),
  add_p = col_double(),
  dom_effect = col_double(),
  dom_F = col_double(),
  dom_p = col_double(),
  errordf = col_double(),
  MarkerR2 = col_double(),
  `Genetic Var` = col_double(),
  `Residual Var` = col_double(),
  `-2LnLikelihood` = col_double()
)


── Column specification ────────────────────────────────────────────────────────
cols(
  Trait = col_character(),
  Marker = col_character(),
  Chr = col_double(),
  Pos = col_double(),
  df = col_double(),
  F = col_double(),
  p = col_double(),
  add_effect = col_double(),
  add_F = col_double(),
  add_p = col_double(),
  dom_effect = col_double(),
  dom_F = col_double(),
  dom_p = col_double(),
  errordf = col_double(),
  MarkerR2 = col_double(),
  `Genetic Var` = col_double(),
  `Residual Var` = col_double(),
  `-2LnLikelihood` = col_double()
)


── Column specification ────────────────────────────────────────────────────────
cols(
  Trait = col_character(),
  Marker = col_character(),
  Chr = col_double(),
  Pos = col_double(),
  df = col_double(),
  F = col_double(),
  p = col_double(),
  add_effect = col_double(),
  add_F = col_double(),
  add_p = col_double(),
  dom_effect = col_double(),
  dom_F = col_double(),
  dom_p = col_double(),
  errordf = col_double(),
  MarkerR2 = col_double(),
  `Genetic Var` = col_double(),
  `Residual Var` = col_double(),
  `-2LnLikelihood` = col_double()
)


── Column specification ────────────────────────────────────────────────────────
cols(
  Trait = col_character(),
  Marker = col_character(),
  Chr = col_double(),
  Pos = col_double(),
  df = col_double(),
  F = col_double(),
  p = col_double(),
  add_effect = col_double(),
  add_F = col_double(),
  add_p = col_double(),
  dom_effect = col_double(),
  dom_F = col_double(),
  dom_p = col_double(),
  errordf = col_double(),
  MarkerR2 = col_double(),
  `Genetic Var` = col_double(),
  `Residual Var` = col_double(),
  `-2LnLikelihood` = col_double()
)


── Column specification ────────────────────────────────────────────────────────
cols(
  Trait = col_character(),
  Marker = col_character(),
  Chr = col_double(),
  Pos = col_double(),
  df = col_double(),
  F = col_double(),
  p = col_double(),
  add_effect = col_double(),
  add_F = col_double(),
  add_p = col_double(),
  dom_effect = col_double(),
  dom_F = col_double(),
  dom_p = col_double(),
  errordf = col_double(),
  MarkerR2 = col_double(),
  `Genetic Var` = col_double(),
  `Residual Var` = col_double(),
  `-2LnLikelihood` = col_double()
)


── Column specification ────────────────────────────────────────────────────────
cols(
  Trait = col_character(),
  Marker = col_character(),
  Chr = col_double(),
  Pos = col_double(),
  df = col_double(),
  F = col_double(),
  p = col_double(),
  add_effect = col_double(),
  add_F = col_double(),
  add_p = col_double(),
  dom_effect = col_double(),
  dom_F = col_double(),
  dom_p = col_double(),
  errordf = col_double(),
  MarkerR2 = col_double(),
  `Genetic Var` = col_double(),
  `Residual Var` = col_double(),
  `-2LnLikelihood` = col_double()
)


── Column specification ────────────────────────────────────────────────────────
cols(
  Trait = col_character(),
  Marker = col_character(),
  Chr = col_double(),
  Pos = col_double(),
  df = col_double(),
  F = col_double(),
  p = col_double(),
  add_effect = col_double(),
  add_F = col_double(),
  add_p = col_double(),
  dom_effect = col_double(),
  dom_F = col_double(),
  dom_p = col_double(),
  errordf = col_double(),
  MarkerR2 = col_double(),
  `Genetic Var` = col_double(),
  `Residual Var` = col_double(),
  `-2LnLikelihood` = col_double()
)


── Column specification ────────────────────────────────────────────────────────
cols(
  Trait = col_character(),
  Marker = col_character(),
  Chr = col_double(),
  Pos = col_double(),
  df = col_double(),
  F = col_double(),
  p = col_double(),
  add_effect = col_double(),
  add_F = col_double(),
  add_p = col_double(),
  dom_effect = col_double(),
  dom_F = col_double(),
  dom_p = col_double(),
  errordf = col_double(),
  MarkerR2 = col_double(),
  `Genetic Var` = col_double(),
  `Residual Var` = col_double(),
  `-2LnLikelihood` = col_double()
)


── Column specification ────────────────────────────────────────────────────────
cols(
  Trait = col_character(),
  Marker = col_character(),
  Chr = col_double(),
  Pos = col_double(),
  df = col_double(),
  F = col_double(),
  p = col_double(),
  add_effect = col_double(),
  add_F = col_double(),
  add_p = col_double(),
  dom_effect = col_double(),
  dom_F = col_double(),
  dom_p = col_double(),
  errordf = col_double(),
  MarkerR2 = col_double(),
  `Genetic Var` = col_double(),
  `Residual Var` = col_double(),
  `-2LnLikelihood` = col_double()
)


── Column specification ────────────────────────────────────────────────────────
cols(
  Trait = col_character(),
  Marker = col_character(),
  Chr = col_double(),
  Pos = col_double(),
  df = col_double(),
  F = col_double(),
  p = col_double(),
  add_effect = col_double(),
  add_F = col_double(),
  add_p = col_double(),
  dom_effect = col_double(),
  dom_F = col_double(),
  dom_p = col_double(),
  errordf = col_double(),
  MarkerR2 = col_double(),
  `Genetic Var` = col_double(),
  `Residual Var` = col_double(),
  `-2LnLikelihood` = col_double()
)


── Column specification ────────────────────────────────────────────────────────
cols(
  Trait = col_character(),
  Marker = col_character(),
  Chr = col_double(),
  Pos = col_double(),
  df = col_double(),
  F = col_double(),
  p = col_double(),
  add_effect = col_double(),
  add_F = col_double(),
  add_p = col_double(),
  dom_effect = col_double(),
  dom_F = col_double(),
  dom_p = col_double(),
  errordf = col_double(),
  MarkerR2 = col_double(),
  `Genetic Var` = col_double(),
  `Residual Var` = col_double(),
  `-2LnLikelihood` = col_double()
)


── Column specification ────────────────────────────────────────────────────────
cols(
  Trait = col_character(),
  Marker = col_character(),
  Chr = col_double(),
  Pos = col_double(),
  df = col_double(),
  F = col_double(),
  p = col_double(),
  add_effect = col_double(),
  add_F = col_double(),
  add_p = col_double(),
  dom_effect = col_double(),
  dom_F = col_double(),
  dom_p = col_double(),
  errordf = col_double(),
  MarkerR2 = col_double(),
  `Genetic Var` = col_double(),
  `Residual Var` = col_double(),
  `-2LnLikelihood` = col_double()
)


── Column specification ────────────────────────────────────────────────────────
cols(
  Trait = col_character(),
  Marker = col_character(),
  Chr = col_double(),
  Pos = col_double(),
  df = col_double(),
  F = col_double(),
  p = col_double(),
  add_effect = col_double(),
  add_F = col_double(),
  add_p = col_double(),
  dom_effect = col_double(),
  dom_F = col_double(),
  dom_p = col_double(),
  errordf = col_double(),
  MarkerR2 = col_double(),
  `Genetic Var` = col_double(),
  `Residual Var` = col_double(),
  `-2LnLikelihood` = col_double()
)


── Column specification ────────────────────────────────────────────────────────
cols(
  Trait = col_character(),
  Marker = col_character(),
  Chr = col_double(),
  Pos = col_double(),
  df = col_double(),
  F = col_double(),
  p = col_double(),
  add_effect = col_double(),
  add_F = col_double(),
  add_p = col_double(),
  dom_effect = col_double(),
  dom_F = col_double(),
  dom_p = col_double(),
  errordf = col_double(),
  MarkerR2 = col_double(),
  `Genetic Var` = col_double(),
  `Residual Var` = col_double(),
  `-2LnLikelihood` = col_double()
)


── Column specification ────────────────────────────────────────────────────────
cols(
  Trait = col_character(),
  Marker = col_character(),
  Chr = col_double(),
  Pos = col_double(),
  df = col_double(),
  F = col_double(),
  p = col_double(),
  add_effect = col_double(),
  add_F = col_double(),
  add_p = col_double(),
  dom_effect = col_double(),
  dom_F = col_double(),
  dom_p = col_double(),
  errordf = col_double(),
  MarkerR2 = col_double(),
  `Genetic Var` = col_double(),
  `Residual Var` = col_double(),
  `-2LnLikelihood` = col_double()
)


── Column specification ────────────────────────────────────────────────────────
cols(
  Trait = col_character(),
  Marker = col_character(),
  Chr = col_double(),
  Pos = col_double(),
  df = col_double(),
  F = col_double(),
  p = col_double(),
  add_effect = col_double(),
  add_F = col_double(),
  add_p = col_double(),
  dom_effect = col_double(),
  dom_F = col_double(),
  dom_p = col_double(),
  errordf = col_double(),
  MarkerR2 = col_double(),
  `Genetic Var` = col_double(),
  `Residual Var` = col_double(),
  `-2LnLikelihood` = col_double()
)

