Failed to query server: Operation not permitted
── Attaching packages ─────────────────────────────────────── tidyverse 1.3.1 ──
✔ ggplot2 3.3.4     ✔ purrr   0.3.4
✔ tibble  3.1.2     ✔ dplyr   1.0.6
✔ tidyr   1.1.3     ✔ stringr 1.4.0
✔ readr   1.4.0     ✔ forcats 0.5.1
── Conflicts ────────────────────────────────────────── tidyverse_conflicts() ──
✖ dplyr::filter() masks stats::filter()
✖ dplyr::lag()    masks stats::lag()
Warning message:
In system("timedatectl", intern = TRUE) :
  running command 'timedatectl' had status 1
package 'mlmm' (version 0.1.1) is loaded
dev at https://github.com/Gregor-Mendel-Institute/mlmm

For example usage please run: vignette('qqman')

Citation appreciated but not required:
Turner, (2018). qqman: an R package for visualizing GWAS results using Q-Q and manhattan plots. Journal of Open Source Software, 3(25), 731, https://doi.org/10.21105/joss.00731.


Attaching package: ‘scales’

The following object is masked from ‘package:purrr’:

    discard

The following object is masked from ‘package:readr’:

    col_factor


── Column specification ────────────────────────────────────────────────────────
cols(
  .default = col_double()
)
ℹ Use `spec()` for the full column specifications.


── Column specification ────────────────────────────────────────────────────────
cols(
  X1 = col_double(),
  X2 = col_double()
)


── Column specification ────────────────────────────────────────────────────────
cols(
  Taxa = col_double(),
  PC1 = col_double(),
  PC2 = col_double(),
  PC3 = col_double(),
  PC4 = col_double(),
  PC5 = col_double()
)


── Column specification ────────────────────────────────────────────────────────
cols(
  X1 = col_double(),
  X2 = col_character(),
  X3 = col_double(),
  X4 = col_double()
)

null model done! pseudo-h= 0.534 
step 1 done! pseudo-h= 0.503 
step  2  done! pseudo-h= 0.46 
step  3  done! pseudo-h= 0.466 
step  4  done! pseudo-h= 0.486 
step  5  done! pseudo-h= 0.486 
step  6  done! pseudo-h= 0.47 
step  7  done! pseudo-h= 0.443 
step  8  done! pseudo-h= 0.421 
step  9  done! pseudo-h= 0.409 
backward analysis 
creating output 
null device 
          1 
null device 
          1 
null device 
          1 
null device 
          1 
