Failed to query server: Operation not permitted
── Attaching packages ─────────────────────────────────────── tidyverse 1.3.1 ──
✔ ggplot2 3.3.4     ✔ purrr   0.3.4
✔ tibble  3.1.2     ✔ dplyr   1.0.6
✔ tidyr   1.1.3     ✔ stringr 1.4.0
✔ readr   1.4.0     ✔ forcats 0.5.1
── Conflicts ────────────────────────────────────────── tidyverse_conflicts() ──
✖ dplyr::filter() masks stats::filter()
✖ dplyr::lag()    masks stats::lag()
Warning message:
In system("timedatectl", intern = TRUE) :
  running command 'timedatectl' had status 1
package 'mlmm' (version 0.1.1) is loaded
dev at https://github.com/Gregor-Mendel-Institute/mlmm

For example usage please run: vignette('qqman')

Citation appreciated but not required:
Turner, (2018). qqman: an R package for visualizing GWAS results using Q-Q and manhattan plots. Journal of Open Source Software, 3(25), 731, https://doi.org/10.21105/joss.00731.


Attaching package: ‘scales’

The following object is masked from ‘package:purrr’:

    discard

The following object is masked from ‘package:readr’:

    col_factor


── Column specification ────────────────────────────────────────────────────────
cols(
  .default = col_double()
)
ℹ Use `spec()` for the full column specifications.


── Column specification ────────────────────────────────────────────────────────
cols(
  X1 = col_double(),
  X2 = col_double()
)

/var/spool/slurmd/job15279683/slurm_script: line 11:  4891 Killed                  Rscript mlmm_gwas_batch_script.R $1
slurmstepd: error: Detected 1 oom-kill event(s) in StepId=15279683.batch cgroup. Some of your processes may have been killed by the cgroup out-of-memory handler.
