Failed to query server: Operation not permitted
── Attaching packages ─────────────────────────────────────── tidyverse 1.3.1 ──
✔ ggplot2 3.3.4     ✔ purrr   0.3.4
✔ tibble  3.1.2     ✔ dplyr   1.0.6
✔ tidyr   1.1.3     ✔ stringr 1.4.0
✔ readr   1.4.0     ✔ forcats 0.5.1
── Conflicts ────────────────────────────────────────── tidyverse_conflicts() ──
✖ dplyr::filter() masks stats::filter()
✖ dplyr::lag()    masks stats::lag()
Warning message:
In system("timedatectl", intern = TRUE) :
  running command 'timedatectl' had status 1

── Column specification ────────────────────────────────────────────────────────
cols(
  X1 = col_character()
)


── Column specification ────────────────────────────────────────────────────────
cols(
  Trait = col_character(),
  Marker = col_character(),
  Chr = col_double(),
  Pos = col_double(),
  df = col_double(),
  F = col_double(),
  p = col_double(),
  add_effect = col_double(),
  add_F = col_double(),
  add_p = col_double(),
  dom_effect = col_double(),
  dom_F = col_double(),
  dom_p = col_double(),
  errordf = col_double(),
  MarkerR2 = col_double(),
  `Genetic Var` = col_double(),
  `Residual Var` = col_double(),
  `-2LnLikelihood` = col_double()
)


── Column specification ────────────────────────────────────────────────────────
cols(
  CHR = col_double(),
  SNP = col_character(),
  A1 = col_character(),
  A2 = col_character(),
  MAF = col_double(),
  NCHROBS = col_double()
)

Saving 7 x 7 in image
Error in grid.newpage() : 
  could not open file '/project/6003429/myles_lab/abc_gwas/big_gwas_analysis/gwas/genotype_data/maf/plots/maf_cor_acidity_16_stor.jpeg'
Calls: ggsave ... grid.draw.ggplot -> print -> print.ggplot -> grid.newpage
Execution halted
