Failed to query server: Operation not permitted
── Attaching packages ─────────────────────────────────────── tidyverse 1.3.1 ──
✔ ggplot2 3.3.4     ✔ purrr   0.3.4
✔ tibble  3.1.2     ✔ dplyr   1.0.6
✔ tidyr   1.1.3     ✔ stringr 1.4.0
✔ readr   1.4.0     ✔ forcats 0.5.1
── Conflicts ────────────────────────────────────────── tidyverse_conflicts() ──
✖ dplyr::filter() masks stats::filter()
✖ dplyr::lag()    masks stats::lag()
Warning message:
In system("timedatectl", intern = TRUE) :
  running command 'timedatectl' had status 1

── Column specification ────────────────────────────────────────────────────────
cols(
  CHR_A = col_double(),
  BP_A = col_double(),
  SNP_A = col_character(),
  CHR_B = col_double(),
  BP_B = col_double(),
  SNP_B = col_character(),
  R2 = col_double(),
  X8 = col_logical()
)

Warning message:
Missing column names filled in: 'X8' [8] 
`geom_smooth()` using formula 'y ~ x'
Warning messages:
1: Duplicated aesthetics after name standardisation: colour 
2: Removed 3247 rows containing non-finite values (stat_smooth). 
null device 
          1 
